0 info it worked if it ends with ok
1 verbose cli [ '/Users/brandonm/.nvm/versions/node/v5.12.0/bin/node',
1 verbose cli   '/Users/brandonm/.nvm/versions/node/v5.12.0/bin/npm',
1 verbose cli   'install',
1 verbose cli   '--save',
1 verbose cli   'chart.js' ]
2 info using npm@3.8.6
3 info using node@v5.12.0
4 silly loadCurrentTree Starting
5 silly install loadCurrentTree
6 silly install readLocalPackageData
7 silly fetchPackageMetaData chart.js@^4.2.1
8 silly fetchNamedPackageData chart.js
9 silly mapToRegistry name chart.js
10 silly mapToRegistry using default registry
11 silly mapToRegistry registry https://registry.npmjs.org/
12 silly mapToRegistry data Result {
12 silly mapToRegistry   raw: 'chart.js',
12 silly mapToRegistry   scope: null,
12 silly mapToRegistry   name: 'chart.js',
12 silly mapToRegistry   rawSpec: '',
12 silly mapToRegistry   spec: 'latest',
12 silly mapToRegistry   type: 'tag' }
13 silly mapToRegistry uri https://registry.npmjs.org/chart.js
14 verbose request uri https://registry.npmjs.org/chart.js
15 verbose request no auth needed
16 info attempt registry request try #1 at 12:57:01 PM
17 verbose request id 7a73dd741d090e38
18 http request GET https://registry.npmjs.org/chart.js
19 http 200 https://registry.npmjs.org/chart.js
20 verbose headers { date: 'Mon, 27 Feb 2023 20:57:00 GMT',
20 verbose headers   'content-type': 'application/json',
20 verbose headers   'transfer-encoding': 'chunked',
20 verbose headers   connection: 'keep-alive',
20 verbose headers   'cf-ray': '7a03d4910ffe275c-SEA',
20 verbose headers   'access-control-allow-origin': '*',
20 verbose headers   age: '158',
20 verbose headers   'cache-control': 'public, max-age=300',
20 verbose headers   etag: 'W/"a014d8614b3a24fe428a103df89d1354"',
20 verbose headers   'last-modified': 'Fri, 10 Feb 2023 06:50:32 GMT',
20 verbose headers   vary: 'accept-encoding, accept',
20 verbose headers   'cf-cache-status': 'HIT',
20 verbose headers   'x-amz-replication-status': 'PENDING',
20 verbose headers   'x-amz-server-side-encryption': 'AES256',
20 verbose headers   server: 'cloudflare',
20 verbose headers   'content-encoding': 'gzip' }
21 silly get cb [ 200,
21 silly get   { date: 'Mon, 27 Feb 2023 20:57:00 GMT',
21 silly get     'content-type': 'application/json',
21 silly get     'transfer-encoding': 'chunked',
21 silly get     connection: 'keep-alive',
21 silly get     'cf-ray': '7a03d4910ffe275c-SEA',
21 silly get     'access-control-allow-origin': '*',
21 silly get     age: '158',
21 silly get     'cache-control': 'public, max-age=300',
21 silly get     etag: 'W/"a014d8614b3a24fe428a103df89d1354"',
21 silly get     'last-modified': 'Fri, 10 Feb 2023 06:50:32 GMT',
21 silly get     vary: 'accept-encoding, accept',
21 silly get     'cf-cache-status': 'HIT',
21 silly get     'x-amz-replication-status': 'PENDING',
21 silly get     'x-amz-server-side-encryption': 'AES256',
21 silly get     server: 'cloudflare',
21 silly get     'content-encoding': 'gzip' } ]
22 verbose get saving chart.js to /Users/brandonm/.npm/registry.npmjs.org/chart.js/.cache.json
23 verbose correctMkdir /Users/brandonm/.npm correctMkdir not in flight; initializing
24 silly install normalizeTree
25 silly loadCurrentTree Finishing
26 silly loadIdealTree Starting
27 silly install loadIdealTree
28 silly cloneCurrentTree Starting
29 silly install cloneCurrentTreeToIdealTree
30 silly cloneCurrentTree Finishing
31 silly loadShrinkwrap Starting
32 silly install loadShrinkwrap
33 silly loadShrinkwrap Finishing
34 silly loadAllDepsIntoIdealTree Starting
35 silly install loadAllDepsIntoIdealTree
36 verbose stack Error: Missing required argument #1
36 verbose stack     at andLogAndFinish (/Users/brandonm/.nvm/versions/node/v5.12.0/lib/node_modules/npm/lib/fetch-package-metadata.js:31:3)
36 verbose stack     at fetchPackageMetadata (/Users/brandonm/.nvm/versions/node/v5.12.0/lib/node_modules/npm/lib/fetch-package-metadata.js:51:22)
36 verbose stack     at resolveWithNewModule (/Users/brandonm/.nvm/versions/node/v5.12.0/lib/node_modules/npm/lib/install/deps.js:455:12)
36 verbose stack     at /Users/brandonm/.nvm/versions/node/v5.12.0/lib/node_modules/npm/lib/install/deps.js:190:5
36 verbose stack     at /Users/brandonm/.nvm/versions/node/v5.12.0/lib/node_modules/npm/node_modules/slide/lib/async-map.js:52:35
36 verbose stack     at Array.forEach (native)
36 verbose stack     at /Users/brandonm/.nvm/versions/node/v5.12.0/lib/node_modules/npm/node_modules/slide/lib/async-map.js:52:11
36 verbose stack     at Array.forEach (native)
36 verbose stack     at asyncMap (/Users/brandonm/.nvm/versions/node/v5.12.0/lib/node_modules/npm/node_modules/slide/lib/async-map.js:51:8)
36 verbose stack     at exports.loadRequestedDeps (/Users/brandonm/.nvm/versions/node/v5.12.0/lib/node_modules/npm/lib/install/deps.js:188:3)
37 verbose cwd /Users/brandonm/Desktop/roulette-wheel
38 error Darwin 22.2.0
39 error argv "/Users/brandonm/.nvm/versions/node/v5.12.0/bin/node" "/Users/brandonm/.nvm/versions/node/v5.12.0/bin/npm" "install" "--save" "chart.js"
40 error node v5.12.0
41 error npm  v3.8.6
42 error code EMISSINGARG
43 error typeerror Error: Missing required argument #1
43 error typeerror     at andLogAndFinish (/Users/brandonm/.nvm/versions/node/v5.12.0/lib/node_modules/npm/lib/fetch-package-metadata.js:31:3)
43 error typeerror     at fetchPackageMetadata (/Users/brandonm/.nvm/versions/node/v5.12.0/lib/node_modules/npm/lib/fetch-package-metadata.js:51:22)
43 error typeerror     at resolveWithNewModule (/Users/brandonm/.nvm/versions/node/v5.12.0/lib/node_modules/npm/lib/install/deps.js:455:12)
43 error typeerror     at /Users/brandonm/.nvm/versions/node/v5.12.0/lib/node_modules/npm/lib/install/deps.js:190:5
43 error typeerror     at /Users/brandonm/.nvm/versions/node/v5.12.0/lib/node_modules/npm/node_modules/slide/lib/async-map.js:52:35
43 error typeerror     at Array.forEach (native)
43 error typeerror     at /Users/brandonm/.nvm/versions/node/v5.12.0/lib/node_modules/npm/node_modules/slide/lib/async-map.js:52:11
43 error typeerror     at Array.forEach (native)
43 error typeerror     at asyncMap (/Users/brandonm/.nvm/versions/node/v5.12.0/lib/node_modules/npm/node_modules/slide/lib/async-map.js:51:8)
43 error typeerror     at exports.loadRequestedDeps (/Users/brandonm/.nvm/versions/node/v5.12.0/lib/node_modules/npm/lib/install/deps.js:188:3)
44 error typeerror This is an error with npm itself. Please report this error at:
44 error typeerror     <http://github.com/npm/npm/issues>
45 verbose exit [ 1, true ]
